  [1m[35m (0.0ms)[0m  [1m[34mSELECT sqlite_version(*)[0m
  [1m[35m (2.4ms)[0m  [1m[35mCREATE TABLE "schema_migrations" ("version" varchar NOT NULL PRIMARY KEY)[0m
  [1m[35m (1.1ms)[0m  [1m[35mCREATE TABLE "ar_internal_metadata" ("key" varchar NOT NULL PRIMARY KEY, "value" varchar, "created_at" datetime NOT NULL, "updated_at" datetime NOT NULL)[0m
  [1m[35m (0.1ms)[0m  [1m[34mSELECT "schema_migrations"."version" FROM "schema_migrations" ORDER BY "schema_migrations"."version" ASC[0m
Migrating to CreateUsers (20180111205706)
  [1m[35m (0.1ms)[0m  [1m[36mbegin transaction[0m
  [1m[35m (0.4ms)[0m  [1m[35mCREATE TABLE "users" ("id" INTEGER PRIMARY KEY AUTOINCREMENT NOT NULL, "name" varchar, "email" varchar, "created_at" datetime NOT NULL, "updated_at" datetime NOT NULL)[0m
  [1m[35mSQL (0.2ms)[0m  [1m[32mINSERT INTO "schema_migrations" ("version") VALUES (?)[0m  [["version", "20180111205706"]]
  [1m[35m (0.8ms)[0m  [1m[36mcommit transaction[0m
  [1m[36mActiveRecord::InternalMetadata Load (0.1ms)[0m  [1m[34mSELECT  "ar_internal_metadata".* FROM "ar_internal_metadata" WHERE "ar_internal_metadata"."key" = ? LIMIT ?[0m  [["key", "environment"], ["LIMIT", 1]]
  [1m[35m (0.0ms)[0m  [1m[36mbegin transaction[0m
  [1m[35mSQL (0.3ms)[0m  [1m[32mINSERT INTO "ar_internal_metadata" ("key", "value", "created_at", "updated_at") VALUES (?, ?, ?, ?)[0m  [["key", "environment"], ["value", "development"], ["created_at", "2018-01-11 20:57:41.746040"], ["updated_at", "2018-01-11 20:57:41.746040"]]
  [1m[35m (0.8ms)[0m  [1m[36mcommit transaction[0m
  [1m[35m (0.1ms)[0m  [1m[34mSELECT "schema_migrations"."version" FROM "schema_migrations" ORDER BY "schema_migrations"."version" ASC[0m
Started GET "/" for 127.0.0.1 at 2018-01-11 16:00:17 -0500
  [1m[35m (0.1ms)[0m  [1m[34mSELECT "schema_migrations"."version" FROM "schema_migrations" ORDER BY "schema_migrations"."version" ASC[0m
Processing by ApplicationController#hello as HTML
  Rendering html template
  Rendered html template (0.0ms)
Completed 200 OK in 28ms (Views: 3.6ms | ActiveRecord: 0.0ms)


Started GET "/users" for 127.0.0.1 at 2018-01-11 16:00:28 -0500
Processing by UsersController#index as HTML
  Rendering users/index.html.erb within layouts/application
  [1m[36mUser Load (0.2ms)[0m  [1m[34mSELECT "users".* FROM "users"[0m
  Rendered users/index.html.erb within layouts/application (3.5ms)
Completed 200 OK in 774ms (Views: 768.7ms | ActiveRecord: 0.6ms)


Started GET "/users/new" for 127.0.0.1 at 2018-01-11 16:00:31 -0500
Processing by UsersController#new as HTML
  Rendering users/new.html.erb within layouts/application
  Rendered users/_form.html.erb (15.1ms)
  Rendered users/new.html.erb within layouts/application (20.4ms)
Completed 200 OK in 55ms (Views: 40.6ms | ActiveRecord: 0.5ms)


Started POST "/users" for 127.0.0.1 at 2018-01-11 16:00:48 -0500
Processing by UsersController#create as HTML
  Parameters: {"utf8"=>"✓", "authenticity_token"=>"xGoyMSShnVXd075mLq3g8eI0SbJGzwE0PyXGrncWMoWta3DXp71pI9Q4It6NZiyhwJVxF7d8dKACVsPD8KvMTA==", "user"=>{"name"=>"wtf", "email"=>"wtf@shopify"}, "commit"=>"Create User"}
  [1m[35m (0.1ms)[0m  [1m[36mbegin transaction[0m
  [1m[35mSQL (0.5ms)[0m  [1m[32mINSERT INTO "users" ("name", "email", "created_at", "updated_at") VALUES (?, ?, ?, ?)[0m  [["name", "wtf"], ["email", "wtf@shopify"], ["created_at", "2018-01-11 21:00:48.182163"], ["updated_at", "2018-01-11 21:00:48.182163"]]
  [1m[35m (0.9ms)[0m  [1m[36mcommit transaction[0m
Redirected to http://localhost:3000/users/1
Completed 302 Found in 6ms (ActiveRecord: 1.5ms)


Started GET "/users/1" for 127.0.0.1 at 2018-01-11 16:00:48 -0500
Processing by UsersController#show as HTML
  Parameters: {"id"=>"1"}
  [1m[36mUser Load (0.2ms)[0m  [1m[34mSELECT  "users".* FROM "users" WHERE "users"."id" = ? LIMIT ?[0m  [["id", 1], ["LIMIT", 1]]
  Rendering users/show.html.erb within layouts/application
  Rendered users/show.html.erb within layouts/application (1.0ms)
Completed 200 OK in 29ms (Views: 22.8ms | ActiveRecord: 0.2ms)


Started GET "/users/1/edit" for 127.0.0.1 at 2018-01-11 16:04:29 -0500
Processing by UsersController#edit as HTML
  Parameters: {"id"=>"1"}
  [1m[36mUser Load (0.4ms)[0m  [1m[34mSELECT  "users".* FROM "users" WHERE "users"."id" = ? LIMIT ?[0m  [["id", 1], ["LIMIT", 1]]
  Rendering users/edit.html.erb within layouts/application
  Rendered users/_form.html.erb (3.2ms)
  Rendered users/edit.html.erb within layouts/application (6.8ms)
Completed 200 OK in 34ms (Views: 29.8ms | ActiveRecord: 0.4ms)


Started PATCH "/users/1" for 127.0.0.1 at 2018-01-11 16:04:31 -0500
Processing by UsersController#update as HTML
  Parameters: {"utf8"=>"✓", "authenticity_token"=>"w9ZW9YLX+6Bs8UB0eVsqtG4+p2aqx310d4X7zO/Ezt9bZxudiXA8RGmQ7qVth5Ur2zpbYNHlbTGcF9aTr03DXg==", "user"=>{"name"=>"wtfaaa", "email"=>"wtf@shopify"}, "commit"=>"Update User", "id"=>"1"}
  [1m[36mUser Load (0.1ms)[0m  [1m[34mSELECT  "users".* FROM "users" WHERE "users"."id" = ? LIMIT ?[0m  [["id", 1], ["LIMIT", 1]]
  [1m[35m (0.0ms)[0m  [1m[36mbegin transaction[0m
  [1m[35mSQL (0.3ms)[0m  [1m[33mUPDATE "users" SET "name" = ?, "updated_at" = ? WHERE "users"."id" = ?[0m  [["name", "wtfaaa"], ["updated_at", "2018-01-11 21:04:31.729850"], ["id", 1]]
  [1m[35m (0.8ms)[0m  [1m[36mcommit transaction[0m
Redirected to http://localhost:3000/users/1
Completed 302 Found in 6ms (ActiveRecord: 1.3ms)


Started GET "/users/1" for 127.0.0.1 at 2018-01-11 16:04:31 -0500
Processing by UsersController#show as HTML
  Parameters: {"id"=>"1"}
  [1m[36mUser Load (0.1ms)[0m  [1m[34mSELECT  "users".* FROM "users" WHERE "users"."id" = ? LIMIT ?[0m  [["id", 1], ["LIMIT", 1]]
  Rendering users/show.html.erb within layouts/application
  Rendered users/show.html.erb within layouts/application (0.7ms)
Completed 200 OK in 23ms (Views: 20.3ms | ActiveRecord: 0.1ms)


Started GET "/" for 127.0.0.1 at 2018-01-11 16:20:37 -0500
  [1m[35m (0.1ms)[0m  [1m[34mSELECT "schema_migrations"."version" FROM "schema_migrations" ORDER BY "schema_migrations"."version" ASC[0m
Processing by UsersController#index as HTML
  Rendering users/index.html.erb within layouts/application
  [1m[36mUser Load (0.2ms)[0m  [1m[34mSELECT "users".* FROM "users"[0m
  Rendered users/index.html.erb within layouts/application (9.2ms)
Completed 200 OK in 244ms (Views: 215.7ms | ActiveRecord: 0.7ms)


Started GET "/users/1" for 127.0.0.1 at 2018-01-11 16:20:40 -0500
Processing by UsersController#show as HTML
  Parameters: {"id"=>"1"}
  [1m[36mUser Load (0.2ms)[0m  [1m[34mSELECT  "users".* FROM "users" WHERE "users"."id" = ? LIMIT ?[0m  [["id", 1], ["LIMIT", 1]]
  Rendering users/show.html.erb within layouts/application
  Rendered users/show.html.erb within layouts/application (0.8ms)
Completed 200 OK in 31ms (Views: 24.1ms | ActiveRecord: 0.4ms)


Started GET "/users" for 127.0.0.1 at 2018-01-11 16:20:41 -0500
Processing by UsersController#index as HTML
  Rendering users/index.html.erb within layouts/application
  [1m[36mUser Load (0.2ms)[0m  [1m[34mSELECT "users".* FROM "users"[0m
  Rendered users/index.html.erb within layouts/application (2.2ms)
Completed 200 OK in 29ms (Views: 25.7ms | ActiveRecord: 0.2ms)


  [1m[35m (0.1ms)[0m  [1m[34mSELECT "schema_migrations"."version" FROM "schema_migrations" ORDER BY "schema_migrations"."version" ASC[0m
Migrating to CreateMicroposts (20180111213603)
  [1m[35m (0.1ms)[0m  [1m[36mbegin transaction[0m
  [1m[35m (0.1ms)[0m  [1m[34mSELECT sqlite_version(*)[0m
  [1m[35m (0.4ms)[0m  [1m[35mCREATE TABLE "microposts" ("id" INTEGER PRIMARY KEY AUTOINCREMENT NOT NULL, "content" text, "user_id" integer, "created_at" datetime NOT NULL, "updated_at" datetime NOT NULL)[0m
  [1m[35mSQL (0.2ms)[0m  [1m[32mINSERT INTO "schema_migrations" ("version") VALUES (?)[0m  [["version", "20180111213603"]]
  [1m[35m (1.4ms)[0m  [1m[36mcommit transaction[0m
  [1m[36mActiveRecord::InternalMetadata Load (0.1ms)[0m  [1m[34mSELECT  "ar_internal_metadata".* FROM "ar_internal_metadata" WHERE "ar_internal_metadata"."key" = ? LIMIT ?[0m  [["key", "environment"], ["LIMIT", 1]]
  [1m[35m (0.0ms)[0m  [1m[36mbegin transaction[0m
  [1m[35m (0.0ms)[0m  [1m[36mcommit transaction[0m
  [1m[35m (0.2ms)[0m  [1m[34mSELECT "schema_migrations"."version" FROM "schema_migrations" ORDER BY "schema_migrations"."version" ASC[0m
Started GET "/micropost" for 127.0.0.1 at 2018-01-11 16:37:11 -0500
  [1m[35m (0.2ms)[0m  [1m[34mSELECT "schema_migrations"."version" FROM "schema_migrations" ORDER BY "schema_migrations"."version" ASC[0m
  
ActionController::RoutingError (No route matches [GET] "/micropost"):
  
actionpack (5.1.4) lib/action_dispatch/middleware/debug_exceptions.rb:63:in `call'
web-console (3.5.1) lib/web_console/middleware.rb:135:in `call_app'
web-console (3.5.1) lib/web_console/middleware.rb:28:in `block in call'
web-console (3.5.1) lib/web_console/middleware.rb:18:in `catch'
web-console (3.5.1) lib/web_console/middleware.rb:18:in `call'
actionpack (5.1.4) lib/action_dispatch/middleware/show_exceptions.rb:31:in `call'
railties (5.1.4) lib/rails/rack/logger.rb:36:in `call_app'
railties (5.1.4) lib/rails/rack/logger.rb:24:in `block in call'
activesupport (5.1.4) lib/active_support/tagged_logging.rb:69:in `block in tagged'
activesupport (5.1.4) lib/active_support/tagged_logging.rb:26:in `tagged'
activesupport (5.1.4) lib/active_support/tagged_logging.rb:69:in `tagged'
railties (5.1.4) lib/rails/rack/logger.rb:24:in `call'
sprockets-rails (3.2.1) lib/sprockets/rails/quiet_assets.rb:13:in `call'
actionpack (5.1.4) lib/action_dispatch/middleware/remote_ip.rb:79:in `call'
actionpack (5.1.4) lib/action_dispatch/middleware/request_id.rb:25:in `call'
rack (2.0.3) lib/rack/method_override.rb:22:in `call'
rack (2.0.3) lib/rack/runtime.rb:22:in `call'
activesupport (5.1.4) lib/active_support/cache/strategy/local_cache_middleware.rb:27:in `call'
actionpack (5.1.4) lib/action_dispatch/middleware/executor.rb:12:in `call'
actionpack (5.1.4) lib/action_dispatch/middleware/static.rb:125:in `call'
rack (2.0.3) lib/rack/sendfile.rb:111:in `call'
railties (5.1.4) lib/rails/engine.rb:522:in `call'
puma (3.9.1) lib/puma/configuration.rb:224:in `call'
puma (3.9.1) lib/puma/server.rb:602:in `handle_request'
puma (3.9.1) lib/puma/server.rb:435:in `process_client'
puma (3.9.1) lib/puma/server.rb:299:in `block in run'
puma (3.9.1) lib/puma/thread_pool.rb:120:in `block in spawn_thread'
Started GET "/microposts" for 127.0.0.1 at 2018-01-11 16:37:14 -0500
Processing by MicropostsController#index as HTML
  Rendering microposts/index.html.erb within layouts/application
  [1m[36mMicropost Load (0.1ms)[0m  [1m[34mSELECT "microposts".* FROM "microposts"[0m
  Rendered microposts/index.html.erb within layouts/application (3.6ms)
Completed 200 OK in 280ms (Views: 272.6ms | ActiveRecord: 0.6ms)


Started GET "/microposts/new" for 127.0.0.1 at 2018-01-11 16:37:30 -0500
Processing by MicropostsController#new as HTML
  Rendering microposts/new.html.erb within layouts/application
  Rendered microposts/_form.html.erb (8.7ms)
  Rendered microposts/new.html.erb within layouts/application (11.8ms)
Completed 200 OK in 45ms (Views: 35.0ms | ActiveRecord: 0.6ms)


Started POST "/microposts" for 127.0.0.1 at 2018-01-11 16:37:44 -0500
Processing by MicropostsController#create as HTML
  Parameters: {"utf8"=>"✓", "authenticity_token"=>"n+N6rVnm3EFlOUwQAN1Tp+QOB4zLgXoSBZexdHMJZyFKdJZrW7GQLR40xLDr0+VAKati3zHpSqknNaRe70jiSg==", "micropost"=>{"content"=>"This is my first micro post.", "user_id"=>"5"}, "commit"=>"Create Micropost"}
  [1m[35m (0.1ms)[0m  [1m[36mbegin transaction[0m
  [1m[35mSQL (0.5ms)[0m  [1m[32mINSERT INTO "microposts" ("content", "user_id", "created_at", "updated_at") VALUES (?, ?, ?, ?)[0m  [["content", "This is my first micro post."], ["user_id", 5], ["created_at", "2018-01-11 21:37:44.303646"], ["updated_at", "2018-01-11 21:37:44.303646"]]
  [1m[35m (1.2ms)[0m  [1m[36mcommit transaction[0m
Redirected to http://localhost:3000/microposts/1
Completed 302 Found in 6ms (ActiveRecord: 1.8ms)


Started GET "/microposts/1" for 127.0.0.1 at 2018-01-11 16:37:44 -0500
Processing by MicropostsController#show as HTML
  Parameters: {"id"=>"1"}
  [1m[36mMicropost Load (0.4ms)[0m  [1m[34mSELECT  "microposts".* FROM "microposts" WHERE "microposts"."id" = ? LIMIT ?[0m  [["id", 1], ["LIMIT", 1]]
  Rendering microposts/show.html.erb within layouts/application
  Rendered microposts/show.html.erb within layouts/application (0.7ms)
Completed 200 OK in 28ms (Views: 20.9ms | ActiveRecord: 0.4ms)


Started GET "/microposts" for 127.0.0.1 at 2018-01-11 16:39:36 -0500
Processing by MicropostsController#index as HTML
  Rendering microposts/index.html.erb within layouts/application
  [1m[36mMicropost Load (0.3ms)[0m  [1m[34mSELECT "microposts".* FROM "microposts"[0m
  Rendered microposts/index.html.erb within layouts/application (2.5ms)
Completed 200 OK in 31ms (Views: 27.8ms | ActiveRecord: 0.3ms)


Started GET "/microposts/new" for 127.0.0.1 at 2018-01-11 16:39:37 -0500
Processing by MicropostsController#new as HTML
  Rendering microposts/new.html.erb within layouts/application
  Rendered microposts/_form.html.erb (2.6ms)
  Rendered microposts/new.html.erb within layouts/application (5.7ms)
Completed 200 OK in 32ms (Views: 29.3ms | ActiveRecord: 0.0ms)


Started POST "/microposts" for 127.0.0.1 at 2018-01-11 16:39:44 -0500
Processing by MicropostsController#create as HTML
  Parameters: {"utf8"=>"✓", "authenticity_token"=>"2XfwcrpQeVH72TVHhSluKHr/2MIhTSaTQUOLRdj72HIM4By0uAc1PYDUveduJ9jPt1q9kdslFihj4Z5vRLpdGQ==", "micropost"=>{"content"=>"This is my second shit", "user_id"=>"5"}, "commit"=>"Create Micropost"}
  [1m[35m (0.1ms)[0m  [1m[36mbegin transaction[0m
  [1m[35mSQL (0.4ms)[0m  [1m[32mINSERT INTO "microposts" ("content", "user_id", "created_at", "updated_at") VALUES (?, ?, ?, ?)[0m  [["content", "This is my second shit"], ["user_id", 5], ["created_at", "2018-01-11 21:39:44.373314"], ["updated_at", "2018-01-11 21:39:44.373314"]]
  [1m[35m (1.2ms)[0m  [1m[36mcommit transaction[0m
Redirected to http://localhost:3000/microposts/2
Completed 302 Found in 5ms (ActiveRecord: 1.7ms)


Started GET "/microposts/2" for 127.0.0.1 at 2018-01-11 16:39:44 -0500
Processing by MicropostsController#show as HTML
  Parameters: {"id"=>"2"}
  [1m[36mMicropost Load (0.3ms)[0m  [1m[34mSELECT  "microposts".* FROM "microposts" WHERE "microposts"."id" = ? LIMIT ?[0m  [["id", 2], ["LIMIT", 1]]
  Rendering microposts/show.html.erb within layouts/application
  Rendered microposts/show.html.erb within layouts/application (0.6ms)
Completed 200 OK in 27ms (Views: 22.2ms | ActiveRecord: 0.3ms)


Started GET "/microposts" for 127.0.0.1 at 2018-01-11 16:39:46 -0500
Processing by MicropostsController#index as HTML
  Rendering microposts/index.html.erb within layouts/application
  [1m[36mMicropost Load (0.3ms)[0m  [1m[34mSELECT "microposts".* FROM "microposts"[0m
  Rendered microposts/index.html.erb within layouts/application (2.6ms)
Completed 200 OK in 53ms (Views: 49.4ms | ActiveRecord: 0.3ms)


Started GET "/users" for 127.0.0.1 at 2018-01-11 16:39:51 -0500
Processing by UsersController#index as HTML
  Rendering users/index.html.erb within layouts/application
  [1m[36mUser Load (0.3ms)[0m  [1m[34mSELECT "users".* FROM "users"[0m
  Rendered users/index.html.erb within layouts/application (9.3ms)
Completed 200 OK in 41ms (Views: 36.5ms | ActiveRecord: 1.3ms)


Started GET "/users/new" for 127.0.0.1 at 2018-01-11 16:40:36 -0500
Processing by UsersController#new as HTML
  Rendering users/new.html.erb within layouts/application
  Rendered users/_form.html.erb (4.0ms)
  Rendered users/new.html.erb within layouts/application (8.0ms)
Completed 200 OK in 37ms (Views: 34.0ms | ActiveRecord: 0.0ms)


Started POST "/users" for 127.0.0.1 at 2018-01-11 16:40:38 -0500
Processing by UsersController#create as HTML
  Parameters: {"utf8"=>"✓", "authenticity_token"=>"YqoTaFqJuVXNfHjXN956UFEYzKVif+BLA4SnGSez/kgLq1GO2ZVNI8SX5G+UFbYAc7n0AJPMld8+96J0oA4AgQ==", "user"=>{"name"=>"a", "email"=>"a"}, "commit"=>"Create User"}
  [1m[35m (0.1ms)[0m  [1m[36mbegin transaction[0m
  [1m[35mSQL (0.3ms)[0m  [1m[32mINSERT INTO "users" ("name", "email", "created_at", "updated_at") VALUES (?, ?, ?, ?)[0m  [["name", "a"], ["email", "a"], ["created_at", "2018-01-11 21:40:38.934143"], ["updated_at", "2018-01-11 21:40:38.934143"]]
  [1m[35m (0.8ms)[0m  [1m[36mcommit transaction[0m
Redirected to http://localhost:3000/users/2
Completed 302 Found in 4ms (ActiveRecord: 1.2ms)


Started GET "/users/2" for 127.0.0.1 at 2018-01-11 16:40:38 -0500
Processing by UsersController#show as HTML
  Parameters: {"id"=>"2"}
  [1m[36mUser Load (0.2ms)[0m  [1m[34mSELECT  "users".* FROM "users" WHERE "users"."id" = ? LIMIT ?[0m  [["id", 2], ["LIMIT", 1]]
  Rendering users/show.html.erb within layouts/application
  Rendered users/show.html.erb within layouts/application (0.8ms)
Completed 200 OK in 30ms (Views: 26.0ms | ActiveRecord: 0.2ms)


Started GET "/users" for 127.0.0.1 at 2018-01-11 16:40:40 -0500
Processing by UsersController#index as HTML
  Rendering users/index.html.erb within layouts/application
  [1m[36mUser Load (0.3ms)[0m  [1m[34mSELECT "users".* FROM "users"[0m
  Rendered users/index.html.erb within layouts/application (3.4ms)
Completed 200 OK in 44ms (Views: 40.8ms | ActiveRecord: 0.3ms)


Started GET "/users/new" for 127.0.0.1 at 2018-01-11 16:40:40 -0500
Processing by UsersController#new as HTML
  Rendering users/new.html.erb within layouts/application
  Rendered users/_form.html.erb (3.5ms)
  Rendered users/new.html.erb within layouts/application (6.9ms)
Completed 200 OK in 37ms (Views: 34.6ms | ActiveRecord: 0.0ms)


Started POST "/users" for 127.0.0.1 at 2018-01-11 16:40:42 -0500
Processing by UsersController#create as HTML
  Parameters: {"utf8"=>"✓", "authenticity_token"=>"FljosTff2PScMDdonsssR4siO/RpV5Tcj5a7UVxGkvN/WapXtMMsgpXbq9A9AOAXqYMDUZjk4Uiy5b482/tsOg==", "user"=>{"name"=>"b", "email"=>"b"}, "commit"=>"Create User"}
  [1m[35m (0.1ms)[0m  [1m[36mbegin transaction[0m
  [1m[35mSQL (0.3ms)[0m  [1m[32mINSERT INTO "users" ("name", "email", "created_at", "updated_at") VALUES (?, ?, ?, ?)[0m  [["name", "b"], ["email", "b"], ["created_at", "2018-01-11 21:40:42.598106"], ["updated_at", "2018-01-11 21:40:42.598106"]]
  [1m[35m (0.8ms)[0m  [1m[36mcommit transaction[0m
Redirected to http://localhost:3000/users/3
Completed 302 Found in 4ms (ActiveRecord: 1.2ms)


Started GET "/users/3" for 127.0.0.1 at 2018-01-11 16:40:42 -0500
Processing by UsersController#show as HTML
  Parameters: {"id"=>"3"}
  [1m[36mUser Load (0.2ms)[0m  [1m[34mSELECT  "users".* FROM "users" WHERE "users"."id" = ? LIMIT ?[0m  [["id", 3], ["LIMIT", 1]]
  Rendering users/show.html.erb within layouts/application
  Rendered users/show.html.erb within layouts/application (1.1ms)
Completed 200 OK in 31ms (Views: 27.4ms | ActiveRecord: 0.2ms)


Started GET "/users" for 127.0.0.1 at 2018-01-11 16:40:43 -0500
Processing by UsersController#index as HTML
  Rendering users/index.html.erb within layouts/application
  [1m[36mUser Load (0.2ms)[0m  [1m[34mSELECT "users".* FROM "users"[0m
  Rendered users/index.html.erb within layouts/application (2.9ms)
Completed 200 OK in 36ms (Views: 31.5ms | ActiveRecord: 0.2ms)


Started GET "/users/new" for 127.0.0.1 at 2018-01-11 16:40:44 -0500
Processing by UsersController#new as HTML
  Rendering users/new.html.erb within layouts/application
  Rendered users/_form.html.erb (3.9ms)
  Rendered users/new.html.erb within layouts/application (6.3ms)
Completed 200 OK in 38ms (Views: 33.9ms | ActiveRecord: 0.0ms)


Started POST "/users" for 127.0.0.1 at 2018-01-11 16:40:45 -0500
Processing by UsersController#create as HTML
  Parameters: {"utf8"=>"✓", "authenticity_token"=>"wN6eR/GZSnv4ho2KrzhXEAoyIP3PNzzbFEdOjYmkWF+p39yhcoW+DfFtETIM85tAKJMYWD6ESU8pNEvgDhmmlg==", "user"=>{"name"=>"c", "email"=>"c"}, "commit"=>"Create User"}
  [1m[35m (0.1ms)[0m  [1m[36mbegin transaction[0m
  [1m[35mSQL (0.4ms)[0m  [1m[32mINSERT INTO "users" ("name", "email", "created_at", "updated_at") VALUES (?, ?, ?, ?)[0m  [["name", "c"], ["email", "c"], ["created_at", "2018-01-11 21:40:45.786864"], ["updated_at", "2018-01-11 21:40:45.786864"]]
  [1m[35m (0.8ms)[0m  [1m[36mcommit transaction[0m
Redirected to http://localhost:3000/users/4
Completed 302 Found in 4ms (ActiveRecord: 1.2ms)


Started GET "/users/4" for 127.0.0.1 at 2018-01-11 16:40:45 -0500
Processing by UsersController#show as HTML
  Parameters: {"id"=>"4"}
  [1m[36mUser Load (0.2ms)[0m  [1m[34mSELECT  "users".* FROM "users" WHERE "users"."id" = ? LIMIT ?[0m  [["id", 4], ["LIMIT", 1]]
  Rendering users/show.html.erb within layouts/application
  Rendered users/show.html.erb within layouts/application (0.6ms)
Completed 200 OK in 26ms (Views: 22.8ms | ActiveRecord: 0.2ms)


Started GET "/users" for 127.0.0.1 at 2018-01-11 16:40:46 -0500
Processing by UsersController#index as HTML
  Rendering users/index.html.erb within layouts/application
  [1m[36mUser Load (0.5ms)[0m  [1m[34mSELECT "users".* FROM "users"[0m
  Rendered users/index.html.erb within layouts/application (3.2ms)
Completed 200 OK in 35ms (Views: 31.6ms | ActiveRecord: 0.5ms)


Started GET "/users/new" for 127.0.0.1 at 2018-01-11 16:40:47 -0500
Processing by UsersController#new as HTML
  Rendering users/new.html.erb within layouts/application
  Rendered users/_form.html.erb (3.0ms)
  Rendered users/new.html.erb within layouts/application (6.1ms)
Completed 200 OK in 34ms (Views: 30.8ms | ActiveRecord: 0.0ms)


Started POST "/users" for 127.0.0.1 at 2018-01-11 16:40:49 -0500
Processing by UsersController#create as HTML
  Parameters: {"utf8"=>"✓", "authenticity_token"=>"ISOosNYA4L5+pv2Y/MvTYDYYn09SUz5YCWUVtTnv8MFIIupWVRwUyHdNYSBfAB8wFLmn6qPgS8w0FhDYvlIOCA==", "user"=>{"name"=>"d", "email"=>"d"}, "commit"=>"Create User"}
  [1m[35m (0.1ms)[0m  [1m[36mbegin transaction[0m
  [1m[35mSQL (0.4ms)[0m  [1m[32mINSERT INTO "users" ("name", "email", "created_at", "updated_at") VALUES (?, ?, ?, ?)[0m  [["name", "d"], ["email", "d"], ["created_at", "2018-01-11 21:40:49.789489"], ["updated_at", "2018-01-11 21:40:49.789489"]]
  [1m[35m (0.8ms)[0m  [1m[36mcommit transaction[0m
Redirected to http://localhost:3000/users/5
Completed 302 Found in 4ms (ActiveRecord: 1.2ms)


Started GET "/users/5" for 127.0.0.1 at 2018-01-11 16:40:49 -0500
Processing by UsersController#show as HTML
  Parameters: {"id"=>"5"}
  [1m[36mUser Load (0.1ms)[0m  [1m[34mSELECT  "users".* FROM "users" WHERE "users"."id" = ? LIMIT ?[0m  [["id", 5], ["LIMIT", 1]]
  Rendering users/show.html.erb within layouts/application
  Rendered users/show.html.erb within layouts/application (0.6ms)
Completed 200 OK in 25ms (Views: 21.5ms | ActiveRecord: 0.1ms)


Started GET "/users" for 127.0.0.1 at 2018-01-11 16:40:50 -0500
Processing by UsersController#index as HTML
  Rendering users/index.html.erb within layouts/application
  [1m[36mUser Load (0.3ms)[0m  [1m[34mSELECT "users".* FROM "users"[0m
  Rendered users/index.html.erb within layouts/application (3.5ms)
Completed 200 OK in 32ms (Views: 28.9ms | ActiveRecord: 0.3ms)


Started GET "/microposts" for 127.0.0.1 at 2018-01-11 16:40:56 -0500
Processing by MicropostsController#index as HTML
  Rendering microposts/index.html.erb within layouts/application
  [1m[36mMicropost Load (0.2ms)[0m  [1m[34mSELECT "microposts".* FROM "microposts"[0m
  Rendered microposts/index.html.erb within layouts/application (2.0ms)
Completed 200 OK in 25ms (Views: 22.8ms | ActiveRecord: 0.2ms)


Started GET "/microposts/new" for 127.0.0.1 at 2018-01-11 16:41:02 -0500
Processing by MicropostsController#new as HTML
  Rendering microposts/new.html.erb within layouts/application
  Rendered microposts/_form.html.erb (3.0ms)
  Rendered microposts/new.html.erb within layouts/application (5.5ms)
Completed 200 OK in 33ms (Views: 29.3ms | ActiveRecord: 0.0ms)


Started POST "/microposts" for 127.0.0.1 at 2018-01-11 16:41:03 -0500
Processing by MicropostsController#create as HTML
  Parameters: {"utf8"=>"✓", "authenticity_token"=>"2DT+ZfcSKuG+0un/z+7HtmnYFISK6k2tgHsS43JE3JANoxKj9UVmjcXfYV8k4HFRpH1x13CCfRai2QfJ7gVZ+w==", "micropost"=>{"content"=>"", "user_id"=>""}, "commit"=>"Create Micropost"}
  [1m[35m (0.1ms)[0m  [1m[36mbegin transaction[0m
  [1m[35mSQL (0.5ms)[0m  [1m[32mINSERT INTO "microposts" ("content", "created_at", "updated_at") VALUES (?, ?, ?)[0m  [["content", ""], ["created_at", "2018-01-11 21:41:03.459078"], ["updated_at", "2018-01-11 21:41:03.459078"]]
  [1m[35m (1.3ms)[0m  [1m[36mcommit transaction[0m
Redirected to http://localhost:3000/microposts/3
Completed 302 Found in 5ms (ActiveRecord: 1.9ms)


Started GET "/microposts/3" for 127.0.0.1 at 2018-01-11 16:41:03 -0500
Processing by MicropostsController#show as HTML
  Parameters: {"id"=>"3"}
  [1m[36mMicropost Load (0.2ms)[0m  [1m[34mSELECT  "microposts".* FROM "microposts" WHERE "microposts"."id" = ? LIMIT ?[0m  [["id", 3], ["LIMIT", 1]]
  Rendering microposts/show.html.erb within layouts/application
  Rendered microposts/show.html.erb within layouts/application (0.7ms)
Completed 200 OK in 24ms (Views: 21.1ms | ActiveRecord: 0.2ms)


Started GET "/microposts" for 127.0.0.1 at 2018-01-11 16:41:04 -0500
Processing by MicropostsController#index as HTML
  Rendering microposts/index.html.erb within layouts/application
  [1m[36mMicropost Load (0.2ms)[0m  [1m[34mSELECT "microposts".* FROM "microposts"[0m
  Rendered microposts/index.html.erb within layouts/application (1.8ms)
Completed 200 OK in 30ms (Views: 27.2ms | ActiveRecord: 0.2ms)


Started DELETE "/microposts/3" for 127.0.0.1 at 2018-01-11 16:41:08 -0500
Processing by MicropostsController#destroy as HTML
  Parameters: {"authenticity_token"=>"58A4zBRNRLqAZY5y+9IDvC1wdHbDiJP9mtMs55MKqan+i+1KUbQiPZSpZmCM8GuSFv7OKXV8glZqJ23iOHB/RA==", "id"=>"3"}
  [1m[36mMicropost Load (0.1ms)[0m  [1m[34mSELECT  "microposts".* FROM "microposts" WHERE "microposts"."id" = ? LIMIT ?[0m  [["id", 3], ["LIMIT", 1]]
  [1m[35m (0.0ms)[0m  [1m[36mbegin transaction[0m
  [1m[35mSQL (0.3ms)[0m  [1m[31mDELETE FROM "microposts" WHERE "microposts"."id" = ?[0m  [["id", 3]]
  [1m[35m (1.3ms)[0m  [1m[36mcommit transaction[0m
Redirected to http://localhost:3000/microposts
Completed 302 Found in 5ms (ActiveRecord: 1.8ms)


Started GET "/microposts" for 127.0.0.1 at 2018-01-11 16:41:08 -0500
Processing by MicropostsController#index as HTML
  Rendering microposts/index.html.erb within layouts/application
  [1m[36mMicropost Load (0.2ms)[0m  [1m[34mSELECT "microposts".* FROM "microposts"[0m
  Rendered microposts/index.html.erb within layouts/application (2.2ms)
Completed 200 OK in 31ms (Views: 27.8ms | ActiveRecord: 0.2ms)


Started GET "/microposts" for 127.0.0.1 at 2018-01-11 16:42:34 -0500
  [1m[35m (0.1ms)[0m  [1m[34mSELECT "schema_migrations"."version" FROM "schema_migrations" ORDER BY "schema_migrations"."version" ASC[0m
Processing by MicropostsController#index as HTML
  Rendering microposts/index.html.erb within layouts/application
  [1m[36mMicropost Load (0.2ms)[0m  [1m[34mSELECT "microposts".* FROM "microposts"[0m
  Rendered microposts/index.html.erb within layouts/application (9.6ms)
Completed 200 OK in 257ms (Views: 227.8ms | ActiveRecord: 0.7ms)


Started GET "/microposts/new" for 127.0.0.1 at 2018-01-11 16:42:36 -0500
Processing by MicropostsController#new as HTML
  Rendering microposts/new.html.erb within layouts/application
  Rendered microposts/_form.html.erb (15.1ms)
  Rendered microposts/new.html.erb within layouts/application (18.6ms)
Completed 200 OK in 45ms (Views: 40.3ms | ActiveRecord: 0.0ms)


Started POST "/microposts" for 127.0.0.1 at 2018-01-11 16:42:46 -0500
Processing by MicropostsController#create as HTML
  Parameters: {"utf8"=>"✓", "authenticity_token"=>"dL8lVezGhrwMGCAxL9Z94YVzb37NAMX7FFQu1VK6ijyhKMmT7pHK0HcVqJHE2MsGSNYKLTdo9UA29jv/zvsPVw==", "micropost"=>{"content"=>"azaxaxaxaazaxaxaxaazaxaxaxaazaxaxaxaazaxaxaxaazaxaxaxaazaxaxaxaazaxaxaxaazaxaxaxaazaxaxaxaazaxaxaxaazaxaxaxaazaxaxaxaazaxaxaxaazaxaxaxaazaxaxaxaazaxaxaxaazaxaxaxaazaxaxaxaazaxaxaxaazaxaxaxaazaxaxaxaazaxaxaxaazaxaxaxaazaxaxaxaazaxaxaxaazaxaxaxaazaxaxaxaazaxaxaxaazaxaxaxaazaxaxaxaazaxaxaxaazaxaxaxaazaxaxaxaazaxaxaxaazaxaxaxaazaxaxaxaazaxaxaxaazaxaxaxaazaxaxaxaazaxaxaxaazaxaxaxaazaxaxaxaazaxaxaxaazaxaxaxaazaxaxaxaazaxaxaxaazaxaxaxaazaxaxaxa", "user_id"=>""}, "commit"=>"Create Micropost"}
  [1m[35m (0.0ms)[0m  [1m[36mbegin transaction[0m
  [1m[35m (0.1ms)[0m  [1m[31mrollback transaction[0m
  Rendering microposts/new.html.erb within layouts/application
  Rendered microposts/_form.html.erb (2.0ms)
  Rendered microposts/new.html.erb within layouts/application (4.0ms)
Completed 200 OK in 31ms (Views: 27.2ms | ActiveRecord: 0.3ms)


  [1m[36mUser Load (0.2ms)[0m  [1m[34mSELECT  "users".* FROM "users" ORDER BY "users"."id" ASC LIMIT ?[0m  [["LIMIT", 1]]
  [1m[36mMicropost Load (0.1ms)[0m  [1m[34mSELECT  "microposts".* FROM "microposts" WHERE "microposts"."user_id" = ? LIMIT ?[0m  [["user_id", 1], ["LIMIT", 11]]
  [1m[36mMicropost Load (0.2ms)[0m  [1m[34mSELECT  "microposts".* FROM "microposts" WHERE "microposts"."user_id" = ? LIMIT ?[0m  [["user_id", 1], ["LIMIT", 11]]
  [1m[36mUser Load (0.2ms)[0m  [1m[34mSELECT  "users".* FROM "users" ORDER BY "users"."id" ASC LIMIT ? OFFSET ?[0m  [["LIMIT", 1], ["OFFSET", 4]]
  [1m[36mUser Load (0.1ms)[0m  [1m[34mSELECT  "users".* FROM "users" ORDER BY "users"."id" ASC LIMIT ? OFFSET ?[0m  [["LIMIT", 1], ["OFFSET", 4]]
  [1m[36mMicropost Load (0.1ms)[0m  [1m[34mSELECT  "microposts".* FROM "microposts" WHERE "microposts"."user_id" = ? LIMIT ?[0m  [["user_id", 5], ["LIMIT", 11]]
Started GET "/users" for 127.0.0.1 at 2018-01-11 16:47:14 -0500
  [1m[35m (0.2ms)[0m  [1m[34mSELECT "schema_migrations"."version" FROM "schema_migrations" ORDER BY "schema_migrations"."version" ASC[0m
Processing by UsersController#index as HTML
  Rendering users/index.html.erb within layouts/application
  [1m[36mUser Load (0.2ms)[0m  [1m[34mSELECT "users".* FROM "users"[0m
  Rendered users/index.html.erb within layouts/application (24.2ms)
Completed 200 OK in 253ms (Views: 221.2ms | ActiveRecord: 0.8ms)


Started GET "/users/5" for 127.0.0.1 at 2018-01-11 16:47:38 -0500
Processing by UsersController#show as HTML
  Parameters: {"id"=>"5"}
  [1m[36mUser Load (0.2ms)[0m  [1m[34mSELECT  "users".* FROM "users" WHERE "users"."id" = ? LIMIT ?[0m  [["id", 5], ["LIMIT", 1]]
  Rendering users/show.html.erb within layouts/application
  Rendered users/show.html.erb within layouts/application (1.0ms)
Completed 200 OK in 33ms (Views: 24.3ms | ActiveRecord: 0.4ms)


Started GET "/users" for 127.0.0.1 at 2018-01-11 16:47:40 -0500
Processing by UsersController#index as HTML
  Rendering users/index.html.erb within layouts/application
  [1m[36mUser Load (0.2ms)[0m  [1m[34mSELECT "users".* FROM "users"[0m
  Rendered users/index.html.erb within layouts/application (4.0ms)
Completed 200 OK in 33ms (Views: 29.6ms | ActiveRecord: 0.2ms)


Started GET "/users" for 127.0.0.1 at 2018-01-11 16:48:32 -0500
  [1m[35m (0.1ms)[0m  [1m[34mSELECT "schema_migrations"."version" FROM "schema_migrations" ORDER BY "schema_migrations"."version" ASC[0m
Processing by UsersController#index as HTML
  Rendering users/index.html.erb within layouts/application
  [1m[36mUser Load (0.3ms)[0m  [1m[34mSELECT "users".* FROM "users"[0m
  Rendered users/index.html.erb within layouts/application (11.3ms)
Completed 200 OK in 242ms (Views: 210.5ms | ActiveRecord: 0.8ms)


Started GET "/users/1" for 127.0.0.1 at 2018-01-11 16:48:34 -0500
Processing by UsersController#show as HTML
  Parameters: {"id"=>"1"}
  [1m[36mUser Load (0.2ms)[0m  [1m[34mSELECT  "users".* FROM "users" WHERE "users"."id" = ? LIMIT ?[0m  [["id", 1], ["LIMIT", 1]]
  Rendering users/show.html.erb within layouts/application
  Rendered users/show.html.erb within layouts/application (11.4ms)
Completed 200 OK in 42ms (Views: 34.6ms | ActiveRecord: 0.5ms)


Started GET "/users" for 127.0.0.1 at 2018-01-11 16:48:35 -0500
Processing by UsersController#index as HTML
  Rendering users/index.html.erb within layouts/application
  [1m[36mUser Load (0.3ms)[0m  [1m[34mSELECT "users".* FROM "users"[0m
  Rendered users/index.html.erb within layouts/application (3.4ms)
Completed 200 OK in 35ms (Views: 32.2ms | ActiveRecord: 0.3ms)


Started GET "/users/5" for 127.0.0.1 at 2018-01-11 16:48:37 -0500
Processing by UsersController#show as HTML
  Parameters: {"id"=>"5"}
  [1m[36mUser Load (0.2ms)[0m  [1m[34mSELECT  "users".* FROM "users" WHERE "users"."id" = ? LIMIT ?[0m  [["id", 5], ["LIMIT", 1]]
  Rendering users/show.html.erb within layouts/application
  Rendered users/show.html.erb within layouts/application (1.2ms)
Completed 200 OK in 33ms (Views: 29.0ms | ActiveRecord: 0.2ms)


Started GET "/users" for 127.0.0.1 at 2018-01-11 16:48:38 -0500
Processing by UsersController#index as HTML
  Rendering users/index.html.erb within layouts/application
  [1m[36mUser Load (0.3ms)[0m  [1m[34mSELECT "users".* FROM "users"[0m
  Rendered users/index.html.erb within layouts/application (3.3ms)
Completed 200 OK in 32ms (Views: 29.1ms | ActiveRecord: 0.3ms)


Started GET "/users" for 127.0.0.1 at 2018-01-11 16:48:56 -0500
  [1m[35m (0.1ms)[0m  [1m[34mSELECT "schema_migrations"."version" FROM "schema_migrations" ORDER BY "schema_migrations"."version" ASC[0m
Processing by UsersController#index as HTML
  Rendering users/index.html.erb within layouts/application
  [1m[36mUser Load (0.2ms)[0m  [1m[34mSELECT "users".* FROM "users"[0m
  Rendered users/index.html.erb within layouts/application (10.0ms)
Completed 200 OK in 237ms (Views: 206.1ms | ActiveRecord: 0.8ms)


Started GET "/users/5" for 127.0.0.1 at 2018-01-11 16:48:58 -0500
Processing by UsersController#show as HTML
  Parameters: {"id"=>"5"}
  [1m[36mUser Load (0.2ms)[0m  [1m[34mSELECT  "users".* FROM "users" WHERE "users"."id" = ? LIMIT ?[0m  [["id", 5], ["LIMIT", 1]]
  Rendering users/show.html.erb within layouts/application
  Rendered users/show.html.erb within layouts/application (12.1ms)
Completed 500 Internal Server Error in 27ms (ActiveRecord: 0.5ms)


  
ActionView::Template::Error (undefined method `MicroPosts' for #<User:0x007f983e07b3a8>
Did you mean?  microposts
               microposts=
               micropost_ids):
    12: 
    13: <p>
    14:   <strong>MicroPosts:</strong>
    15:   <%= @user.MicroPosts %>
    16: </p>
    17: 
    18: <%= link_to 'Edit', edit_user_path(@user) %> |
  
app/views/users/show.html.erb:15:in `_app_views_users_show_html_erb__1021291875954812722_70145926221680'
Started GET "/users" for 127.0.0.1 at 2018-01-11 16:49:02 -0500
Processing by UsersController#index as HTML
  Rendering users/index.html.erb within layouts/application
  [1m[36mUser Load (0.2ms)[0m  [1m[34mSELECT "users".* FROM "users"[0m
  Rendered users/index.html.erb within layouts/application (2.9ms)
Completed 200 OK in 26ms (Views: 22.8ms | ActiveRecord: 0.2ms)


Started GET "/users" for 127.0.0.1 at 2018-01-11 16:49:19 -0500
  [1m[35m (0.1ms)[0m  [1m[34mSELECT "schema_migrations"."version" FROM "schema_migrations" ORDER BY "schema_migrations"."version" ASC[0m
Processing by UsersController#index as HTML
  Rendering users/index.html.erb within layouts/application
  [1m[36mUser Load (0.2ms)[0m  [1m[34mSELECT "users".* FROM "users"[0m
  Rendered users/index.html.erb within layouts/application (10.4ms)
Completed 200 OK in 242ms (Views: 211.3ms | ActiveRecord: 0.9ms)


Started GET "/users/5" for 127.0.0.1 at 2018-01-11 16:49:24 -0500
Processing by UsersController#show as HTML
  Parameters: {"id"=>"5"}
  [1m[36mUser Load (0.2ms)[0m  [1m[34mSELECT  "users".* FROM "users" WHERE "users"."id" = ? LIMIT ?[0m  [["id", 5], ["LIMIT", 1]]
  Rendering users/show.html.erb within layouts/application
  Rendered users/show.html.erb within layouts/application (11.3ms)
Completed 200 OK in 42ms (Views: 35.4ms | ActiveRecord: 0.5ms)


Started GET "/users/5" for 127.0.0.1 at 2018-01-11 16:49:55 -0500
  [1m[35m (0.2ms)[0m  [1m[34mSELECT "schema_migrations"."version" FROM "schema_migrations" ORDER BY "schema_migrations"."version" ASC[0m
Processing by UsersController#show as HTML
  Parameters: {"id"=>"5"}
  [1m[36mUser Load (0.2ms)[0m  [1m[34mSELECT  "users".* FROM "users" WHERE "users"."id" = ? LIMIT ?[0m  [["id", 5], ["LIMIT", 1]]
  Rendering users/show.html.erb within layouts/application
  [1m[36mMicropost Load (0.3ms)[0m  [1m[34mSELECT  "microposts".* FROM "microposts" WHERE "microposts"."user_id" = ? LIMIT ?[0m  [["user_id", 5], ["LIMIT", 11]]
  Rendered users/show.html.erb within layouts/application (37.3ms)
Completed 500 Internal Server Error in 87ms (ActiveRecord: 1.6ms)


  
ActionView::Template::Error (undefined method `content' for #<Micropost::ActiveRecord_Associations_CollectionProxy:0x007fafeb210e38>
Did you mean?  connection):
    12: 
    13: <p>
    14:   <strong>MicroPosts:</strong>
    15:   <%= @user.microposts.content %>
    16: </p>
    17: 
    18: <%= link_to 'Edit', edit_user_path(@user) %> |
  
app/views/users/show.html.erb:15:in `_app_views_users_show_html_erb___3442477118689073756_70196775597980'
Started GET "/users/5" for 127.0.0.1 at 2018-01-11 16:51:57 -0500
  [1m[35m (0.1ms)[0m  [1m[34mSELECT "schema_migrations"."version" FROM "schema_migrations" ORDER BY "schema_migrations"."version" ASC[0m
Processing by UsersController#show as HTML
  Parameters: {"id"=>"5"}
  [1m[36mUser Load (0.2ms)[0m  [1m[34mSELECT  "users".* FROM "users" WHERE "users"."id" = ? LIMIT ?[0m  [["id", 5], ["LIMIT", 1]]
  Rendering users/show.html.erb within layouts/application
  Rendered users/show.html.erb within layouts/application (1.1ms)
Completed 500 Internal Server Error in 51ms (ActiveRecord: 1.0ms)


  
SyntaxError (/Users/walterlin/projects/toy_app/app/views/users/show.html.erb:17: syntax error, unexpected ')', expecting '('
...@output_buffer.append=( post. );@output_buffer.safe_append='...
...                               ^
/Users/walterlin/projects/toy_app/app/views/users/show.html.erb:18: syntax error, unexpected keyword_end, expecting ')'
'.freeze;   end 
               ^
/Users/walterlin/projects/toy_app/app/views/users/show.html.erb:25: syntax error, unexpected keyword_ensure, expecting ')'
/Users/walterlin/projects/toy_app/app/views/users/show.html.erb:27: syntax error, unexpected keyword_end, expecting ')'):
  
app/views/users/show.html.erb:17: syntax error, unexpected ')', expecting '('
app/views/users/show.html.erb:18: syntax error, unexpected keyword_end, expecting ')'
app/views/users/show.html.erb:25: syntax error, unexpected keyword_ensure, expecting ')'
app/views/users/show.html.erb:27: syntax error, unexpected keyword_end, expecting ')'
Started GET "/users/5" for 127.0.0.1 at 2018-01-11 16:52:12 -0500
  [1m[35m (0.2ms)[0m  [1m[34mSELECT "schema_migrations"."version" FROM "schema_migrations" ORDER BY "schema_migrations"."version" ASC[0m
Processing by UsersController#show as HTML
  Parameters: {"id"=>"5"}
  [1m[36mUser Load (0.4ms)[0m  [1m[34mSELECT  "users".* FROM "users" WHERE "users"."id" = ? LIMIT ?[0m  [["id", 5], ["LIMIT", 1]]
  Rendering users/show.html.erb within layouts/application
  Rendered users/show.html.erb within layouts/application (5.9ms)
Completed 500 Internal Server Error in 53ms (ActiveRecord: 1.1ms)


  
ActionView::Template::Error (undefined method `microposts' for nil:NilClass):
    12: 
    13: <p>
    14:   <strong>MicroPosts:</strong>
    15:   <% @users.microposts.each do |post| %>
    16:       <tr>
    17:         <td><%= post.content %></td>
    18:   <% end %>
  
app/views/users/show.html.erb:15:in `_app_views_users_show_html_erb___4412726979411949453_70304555418080'
Started GET "/users/5" for 127.0.0.1 at 2018-01-11 16:52:34 -0500
  [1m[35m (0.3ms)[0m  [1m[34mSELECT "schema_migrations"."version" FROM "schema_migrations" ORDER BY "schema_migrations"."version" ASC[0m
Processing by UsersController#show as HTML
  Parameters: {"id"=>"5"}
  [1m[36mUser Load (0.1ms)[0m  [1m[34mSELECT  "users".* FROM "users" WHERE "users"."id" = ? LIMIT ?[0m  [["id", 5], ["LIMIT", 1]]
  Rendering users/show.html.erb within layouts/application
  [1m[36mMicropost Load (0.1ms)[0m  [1m[34mSELECT "microposts".* FROM "microposts" WHERE "microposts"."user_id" = ?[0m  [["user_id", 5]]
  Rendered users/show.html.erb within layouts/application (34.3ms)
Completed 200 OK in 284ms (Views: 243.5ms | ActiveRecord: 1.4ms)


Started GET "/users/5" for 127.0.0.1 at 2018-01-11 16:52:54 -0500
  [1m[35m (0.1ms)[0m  [1m[34mSELECT "schema_migrations"."version" FROM "schema_migrations" ORDER BY "schema_migrations"."version" ASC[0m
Processing by UsersController#show as HTML
  Parameters: {"id"=>"5"}
  [1m[36mUser Load (0.1ms)[0m  [1m[34mSELECT  "users".* FROM "users" WHERE "users"."id" = ? LIMIT ?[0m  [["id", 5], ["LIMIT", 1]]
  Rendering users/show.html.erb within layouts/application
  [1m[36mMicropost Load (0.1ms)[0m  [1m[34mSELECT "microposts".* FROM "microposts" WHERE "microposts"."user_id" = ?[0m  [["user_id", 5]]
  Rendered users/show.html.erb within layouts/application (25.2ms)
Completed 200 OK in 258ms (Views: 221.2ms | ActiveRecord: 1.6ms)


Started GET "/users/5" for 127.0.0.1 at 2018-01-11 16:53:10 -0500
  [1m[35m (0.1ms)[0m  [1m[34mSELECT "schema_migrations"."version" FROM "schema_migrations" ORDER BY "schema_migrations"."version" ASC[0m
Processing by UsersController#show as HTML
  Parameters: {"id"=>"5"}
  [1m[36mUser Load (0.2ms)[0m  [1m[34mSELECT  "users".* FROM "users" WHERE "users"."id" = ? LIMIT ?[0m  [["id", 5], ["LIMIT", 1]]
  Rendering users/show.html.erb within layouts/application
  [1m[36mMicropost Load (0.2ms)[0m  [1m[34mSELECT "microposts".* FROM "microposts" WHERE "microposts"."user_id" = ?[0m  [["user_id", 5]]
  Rendered users/show.html.erb within layouts/application (30.2ms)
Completed 200 OK in 271ms (Views: 232.2ms | ActiveRecord: 1.5ms)


Started GET "/users/5" for 127.0.0.1 at 2018-01-11 16:53:31 -0500
  [1m[35m (0.2ms)[0m  [1m[34mSELECT "schema_migrations"."version" FROM "schema_migrations" ORDER BY "schema_migrations"."version" ASC[0m
Processing by UsersController#show as HTML
  Parameters: {"id"=>"5"}
  [1m[36mUser Load (0.2ms)[0m  [1m[34mSELECT  "users".* FROM "users" WHERE "users"."id" = ? LIMIT ?[0m  [["id", 5], ["LIMIT", 1]]
  Rendering users/show.html.erb within layouts/application
  [1m[36mMicropost Load (0.1ms)[0m  [1m[34mSELECT "microposts".* FROM "microposts" WHERE "microposts"."user_id" = ?[0m  [["user_id", 5]]
  Rendered users/show.html.erb within layouts/application (29.8ms)
Completed 200 OK in 262ms (Views: 222.8ms | ActiveRecord: 1.5ms)


Started GET "/users" for 127.0.0.1 at 2018-01-11 16:53:37 -0500
Processing by UsersController#index as HTML
  Rendering users/index.html.erb within layouts/application
  [1m[36mUser Load (0.2ms)[0m  [1m[34mSELECT "users".* FROM "users"[0m
  Rendered users/index.html.erb within layouts/application (4.1ms)
Completed 200 OK in 33ms (Views: 29.0ms | ActiveRecord: 0.5ms)


Started GET "/users/3" for 127.0.0.1 at 2018-01-11 16:53:38 -0500
Processing by UsersController#show as HTML
  Parameters: {"id"=>"3"}
  [1m[36mUser Load (0.2ms)[0m  [1m[34mSELECT  "users".* FROM "users" WHERE "users"."id" = ? LIMIT ?[0m  [["id", 3], ["LIMIT", 1]]
  Rendering users/show.html.erb within layouts/application
  [1m[36mMicropost Load (0.2ms)[0m  [1m[34mSELECT "microposts".* FROM "microposts" WHERE "microposts"."user_id" = ?[0m  [["user_id", 3]]
  Rendered users/show.html.erb within layouts/application (2.6ms)
Completed 200 OK in 35ms (Views: 29.3ms | ActiveRecord: 0.5ms)


Started GET "/users" for 127.0.0.1 at 2018-01-11 17:22:15 -0500
  [1m[35m (0.3ms)[0m  [1m[34mSELECT "schema_migrations"."version" FROM "schema_migrations" ORDER BY "schema_migrations"."version" ASC[0m
Processing by UsersController#index as HTML
  Rendering users/index.html.erb within layouts/application
  [1m[36mUser Load (0.2ms)[0m  [1m[34mSELECT "users".* FROM "users"[0m
  Rendered users/index.html.erb within layouts/application (10.8ms)
Completed 200 OK in 253ms (Views: 221.8ms | ActiveRecord: 0.9ms)


Started GET "/users/5" for 127.0.0.1 at 2018-01-11 17:22:17 -0500
Processing by UsersController#show as HTML
  Parameters: {"id"=>"5"}
  [1m[36mUser Load (0.2ms)[0m  [1m[34mSELECT  "users".* FROM "users" WHERE "users"."id" = ? LIMIT ?[0m  [["id", 5], ["LIMIT", 1]]
  Rendering users/show.html.erb within layouts/application
  Rendered users/show.html.erb within layouts/application (16.2ms)
Completed 200 OK in 46ms (Views: 38.0ms | ActiveRecord: 0.5ms)


Started GET "/users/5" for 127.0.0.1 at 2018-01-11 17:22:24 -0500
Processing by UsersController#show as HTML
  Parameters: {"id"=>"5"}
  [1m[36mUser Load (0.2ms)[0m  [1m[34mSELECT  "users".* FROM "users" WHERE "users"."id" = ? LIMIT ?[0m  [["id", 5], ["LIMIT", 1]]
  Rendering users/show.html.erb within layouts/application
  Rendered users/show.html.erb within layouts/application (1.0ms)
Completed 200 OK in 30ms (Views: 26.7ms | ActiveRecord: 0.2ms)


Started GET "/users" for 127.0.0.1 at 2018-01-11 17:22:26 -0500
Processing by UsersController#index as HTML
  Rendering users/index.html.erb within layouts/application
  [1m[36mUser Load (0.2ms)[0m  [1m[34mSELECT "users".* FROM "users"[0m
  Rendered users/index.html.erb within layouts/application (3.2ms)
Completed 200 OK in 34ms (Views: 29.9ms | ActiveRecord: 0.2ms)


Started GET "/users/1" for 127.0.0.1 at 2018-01-11 17:22:26 -0500
Processing by UsersController#show as HTML
  Parameters: {"id"=>"1"}
  [1m[36mUser Load (0.2ms)[0m  [1m[34mSELECT  "users".* FROM "users" WHERE "users"."id" = ? LIMIT ?[0m  [["id", 1], ["LIMIT", 1]]
  Rendering users/show.html.erb within layouts/application
  Rendered users/show.html.erb within layouts/application (0.9ms)
Completed 200 OK in 32ms (Views: 27.7ms | ActiveRecord: 0.2ms)


Started GET "/users" for 127.0.0.1 at 2018-01-11 17:22:27 -0500
Processing by UsersController#index as HTML
  Rendering users/index.html.erb within layouts/application
  [1m[36mUser Load (0.2ms)[0m  [1m[34mSELECT "users".* FROM "users"[0m
  Rendered users/index.html.erb within layouts/application (2.7ms)
Completed 200 OK in 33ms (Views: 29.2ms | ActiveRecord: 0.2ms)


Started GET "/users/2" for 127.0.0.1 at 2018-01-11 17:22:28 -0500
Processing by UsersController#show as HTML
  Parameters: {"id"=>"2"}
  [1m[36mUser Load (0.2ms)[0m  [1m[34mSELECT  "users".* FROM "users" WHERE "users"."id" = ? LIMIT ?[0m  [["id", 2], ["LIMIT", 1]]
  Rendering users/show.html.erb within layouts/application
  Rendered users/show.html.erb within layouts/application (0.8ms)
Completed 200 OK in 29ms (Views: 24.7ms | ActiveRecord: 0.2ms)


Started GET "/users" for 127.0.0.1 at 2018-01-11 17:22:29 -0500
Processing by UsersController#index as HTML
  Rendering users/index.html.erb within layouts/application
  [1m[36mUser Load (0.2ms)[0m  [1m[34mSELECT "users".* FROM "users"[0m
  Rendered users/index.html.erb within layouts/application (2.8ms)
Completed 200 OK in 33ms (Views: 28.8ms | ActiveRecord: 0.2ms)


Started GET "/users/3" for 127.0.0.1 at 2018-01-11 17:22:29 -0500
Processing by UsersController#show as HTML
  Parameters: {"id"=>"3"}
  [1m[36mUser Load (0.2ms)[0m  [1m[34mSELECT  "users".* FROM "users" WHERE "users"."id" = ? LIMIT ?[0m  [["id", 3], ["LIMIT", 1]]
  Rendering users/show.html.erb within layouts/application
  Rendered users/show.html.erb within layouts/application (0.8ms)
Completed 200 OK in 50ms (Views: 44.8ms | ActiveRecord: 0.2ms)


Started GET "/users" for 127.0.0.1 at 2018-01-11 17:22:30 -0500
Processing by UsersController#index as HTML
  Rendering users/index.html.erb within layouts/application
  [1m[36mUser Load (0.4ms)[0m  [1m[34mSELECT "users".* FROM "users"[0m
  Rendered users/index.html.erb within layouts/application (2.8ms)
Completed 200 OK in 37ms (Views: 33.3ms | ActiveRecord: 0.4ms)


Started GET "/users/4" for 127.0.0.1 at 2018-01-11 17:22:31 -0500
Processing by UsersController#show as HTML
  Parameters: {"id"=>"4"}
  [1m[36mUser Load (0.1ms)[0m  [1m[34mSELECT  "users".* FROM "users" WHERE "users"."id" = ? LIMIT ?[0m  [["id", 4], ["LIMIT", 1]]
  Rendering users/show.html.erb within layouts/application
  Rendered users/show.html.erb within layouts/application (1.1ms)
Completed 200 OK in 32ms (Views: 27.9ms | ActiveRecord: 0.1ms)


Started GET "/users" for 127.0.0.1 at 2018-01-11 17:22:31 -0500
Processing by UsersController#index as HTML
  Rendering users/index.html.erb within layouts/application
  [1m[36mUser Load (0.3ms)[0m  [1m[34mSELECT "users".* FROM "users"[0m
  Rendered users/index.html.erb within layouts/application (3.9ms)
Completed 200 OK in 35ms (Views: 31.5ms | ActiveRecord: 0.3ms)


Started GET "/users/5" for 127.0.0.1 at 2018-01-11 17:22:32 -0500
Processing by UsersController#show as HTML
  Parameters: {"id"=>"5"}
  [1m[36mUser Load (0.2ms)[0m  [1m[34mSELECT  "users".* FROM "users" WHERE "users"."id" = ? LIMIT ?[0m  [["id", 5], ["LIMIT", 1]]
  Rendering users/show.html.erb within layouts/application
  Rendered users/show.html.erb within layouts/application (1.5ms)
Completed 200 OK in 42ms (Views: 37.1ms | ActiveRecord: 0.2ms)


Started GET "/users" for 127.0.0.1 at 2018-01-11 17:22:33 -0500
Processing by UsersController#index as HTML
  Rendering users/index.html.erb within layouts/application
  [1m[36mUser Load (0.3ms)[0m  [1m[34mSELECT "users".* FROM "users"[0m
  Rendered users/index.html.erb within layouts/application (2.9ms)
Completed 200 OK in 42ms (Views: 31.1ms | ActiveRecord: 0.2ms)


Started GET "/users" for 127.0.0.1 at 2018-01-11 17:22:57 -0500
  [1m[35m (0.1ms)[0m  [1m[34mSELECT "schema_migrations"."version" FROM "schema_migrations" ORDER BY "schema_migrations"."version" ASC[0m
Processing by UsersController#index as HTML
  Rendering users/index.html.erb within layouts/application
  [1m[36mUser Load (0.2ms)[0m  [1m[34mSELECT "users".* FROM "users"[0m
  Rendered users/index.html.erb within layouts/application (10.6ms)
Completed 200 OK in 250ms (Views: 219.7ms | ActiveRecord: 1.0ms)


Started GET "/users/5" for 127.0.0.1 at 2018-01-11 17:23:00 -0500
Processing by UsersController#show as HTML
  Parameters: {"id"=>"5"}
  [1m[36mUser Load (0.2ms)[0m  [1m[34mSELECT  "users".* FROM "users" WHERE "users"."id" = ? LIMIT ?[0m  [["id", 5], ["LIMIT", 1]]
  Rendering users/show.html.erb within layouts/application
  [1m[36mMicropost Load (0.1ms)[0m  [1m[34mSELECT "microposts".* FROM "microposts" WHERE "microposts"."user_id" = ?[0m  [["user_id", 5]]
  Rendered users/show.html.erb within layouts/application (24.6ms)
Completed 200 OK in 55ms (Views: 46.5ms | ActiveRecord: 1.3ms)


Started GET "/microposts" for 127.0.0.1 at 2018-01-11 17:25:12 -0500
  [1m[35m (0.2ms)[0m  [1m[34mSELECT "schema_migrations"."version" FROM "schema_migrations" ORDER BY "schema_migrations"."version" ASC[0m
Processing by MicropostsController#index as HTML
  Rendering microposts/index.html.erb within layouts/application
  [1m[36mMicropost Load (0.2ms)[0m  [1m[34mSELECT "microposts".* FROM "microposts"[0m
  Rendered microposts/index.html.erb within layouts/application (10.4ms)
Completed 200 OK in 244ms (Views: 212.7ms | ActiveRecord: 0.8ms)


Started GET "/microposts/new" for 127.0.0.1 at 2018-01-11 17:27:06 -0500
Processing by MicropostsController#new as HTML
  Rendering microposts/new.html.erb within layouts/application
  Rendered microposts/_form.html.erb (12.4ms)
  Rendered microposts/new.html.erb within layouts/application (15.8ms)
Completed 200 OK in 41ms (Views: 38.4ms | ActiveRecord: 0.0ms)


Started POST "/microposts" for 127.0.0.1 at 2018-01-11 17:27:08 -0500
Processing by MicropostsController#create as HTML
  Parameters: {"utf8"=>"✓", "authenticity_token"=>"eGlq/RqQ+znP08B3cI56jvZAuePHTzKzwUT4uhhDEzSt/oY7GMe3VbTeSNebgMxpO+XcsD0nAgjj5u2QhAKWXw==", "micropost"=>{"content"=>"", "user_id"=>""}, "commit"=>"Create Micropost"}
  [1m[35m (0.0ms)[0m  [1m[36mbegin transaction[0m
  [1m[35m (0.0ms)[0m  [1m[31mrollback transaction[0m
  Rendering microposts/new.html.erb within layouts/application
  Rendered microposts/_form.html.erb (3.0ms)
  Rendered microposts/new.html.erb within layouts/application (5.4ms)
Completed 200 OK in 38ms (Views: 25.8ms | ActiveRecord: 0.3ms)


Started GET "/microposts" for 127.0.0.1 at 2018-01-11 17:28:12 -0500
  [1m[35m (0.1ms)[0m  [1m[34mSELECT "schema_migrations"."version" FROM "schema_migrations" ORDER BY "schema_migrations"."version" ASC[0m
Processing by MicropostsController#index as HTML
  Rendering microposts/index.html.erb within layouts/application
  [1m[36mMicropost Load (0.2ms)[0m  [1m[34mSELECT "microposts".* FROM "microposts"[0m
  Rendered microposts/index.html.erb within layouts/application (9.8ms)
Completed 200 OK in 248ms (Views: 218.8ms | ActiveRecord: 0.7ms)


Started GET "/sers" for 127.0.0.1 at 2018-01-11 17:28:16 -0500
  
ActionController::RoutingError (No route matches [GET] "/sers"):
  
actionpack (5.1.4) lib/action_dispatch/middleware/debug_exceptions.rb:63:in `call'
web-console (3.5.1) lib/web_console/middleware.rb:135:in `call_app'
web-console (3.5.1) lib/web_console/middleware.rb:28:in `block in call'
web-console (3.5.1) lib/web_console/middleware.rb:18:in `catch'
web-console (3.5.1) lib/web_console/middleware.rb:18:in `call'
actionpack (5.1.4) lib/action_dispatch/middleware/show_exceptions.rb:31:in `call'
railties (5.1.4) lib/rails/rack/logger.rb:36:in `call_app'
railties (5.1.4) lib/rails/rack/logger.rb:24:in `block in call'
activesupport (5.1.4) lib/active_support/tagged_logging.rb:69:in `block in tagged'
activesupport (5.1.4) lib/active_support/tagged_logging.rb:26:in `tagged'
activesupport (5.1.4) lib/active_support/tagged_logging.rb:69:in `tagged'
railties (5.1.4) lib/rails/rack/logger.rb:24:in `call'
sprockets-rails (3.2.1) lib/sprockets/rails/quiet_assets.rb:13:in `call'
actionpack (5.1.4) lib/action_dispatch/middleware/remote_ip.rb:79:in `call'
actionpack (5.1.4) lib/action_dispatch/middleware/request_id.rb:25:in `call'
rack (2.0.3) lib/rack/method_override.rb:22:in `call'
rack (2.0.3) lib/rack/runtime.rb:22:in `call'
activesupport (5.1.4) lib/active_support/cache/strategy/local_cache_middleware.rb:27:in `call'
actionpack (5.1.4) lib/action_dispatch/middleware/executor.rb:12:in `call'
actionpack (5.1.4) lib/action_dispatch/middleware/static.rb:125:in `call'
rack (2.0.3) lib/rack/sendfile.rb:111:in `call'
railties (5.1.4) lib/rails/engine.rb:522:in `call'
puma (3.9.1) lib/puma/configuration.rb:224:in `call'
puma (3.9.1) lib/puma/server.rb:602:in `handle_request'
puma (3.9.1) lib/puma/server.rb:435:in `process_client'
puma (3.9.1) lib/puma/server.rb:299:in `block in run'
puma (3.9.1) lib/puma/thread_pool.rb:120:in `block in spawn_thread'
Started GET "/users" for 127.0.0.1 at 2018-01-11 17:28:21 -0500
Processing by UsersController#index as HTML
Completed 500 Internal Server Error in 7ms (ActiveRecord: 0.0ms)


  
NameError (uninitialized constant User::FILL_IN):
  
app/models/user.rb:3:in `<class:User>'
app/models/user.rb:1:in `<top (required)>'
app/controllers/users_controller.rb:7:in `index'
Started GET "/users" for 127.0.0.1 at 2018-01-11 17:29:06 -0500
  [1m[35m (0.1ms)[0m  [1m[34mSELECT "schema_migrations"."version" FROM "schema_migrations" ORDER BY "schema_migrations"."version" ASC[0m
Processing by UsersController#index as HTML
Completed 500 Internal Server Error in 31ms (ActiveRecord: 0.0ms)


  
NameError (uninitialized constant User::FILL_IN):
  
app/models/user.rb:3:in `<class:User>'
app/models/user.rb:1:in `<top (required)>'
app/controllers/users_controller.rb:7:in `index'
Started GET "/users" for 127.0.0.1 at 2018-01-11 17:29:53 -0500
  [1m[35m (0.1ms)[0m  [1m[34mSELECT "schema_migrations"."version" FROM "schema_migrations" ORDER BY "schema_migrations"."version" ASC[0m
Processing by UsersController#index as HTML
  Rendering users/index.html.erb within layouts/application
  [1m[36mUser Load (0.2ms)[0m  [1m[34mSELECT "users".* FROM "users"[0m
  Rendered users/index.html.erb within layouts/application (11.2ms)
Completed 200 OK in 270ms (Views: 238.4ms | ActiveRecord: 0.7ms)


Started GET "/users/5" for 127.0.0.1 at 2018-01-11 17:29:55 -0500
Processing by UsersController#show as HTML
  Parameters: {"id"=>"5"}
  [1m[36mUser Load (0.2ms)[0m  [1m[34mSELECT  "users".* FROM "users" WHERE "users"."id" = ? LIMIT ?[0m  [["id", 5], ["LIMIT", 1]]
  Rendering users/show.html.erb within layouts/application
  [1m[36mMicropost Load (0.1ms)[0m  [1m[34mSELECT "microposts".* FROM "microposts" WHERE "microposts"."user_id" = ?[0m  [["user_id", 5]]
  Rendered users/show.html.erb within layouts/application (25.4ms)
Completed 200 OK in 55ms (Views: 46.1ms | ActiveRecord: 1.4ms)


Started GET "/users" for 127.0.0.1 at 2018-01-11 17:29:57 -0500
Processing by UsersController#index as HTML
  Rendering users/index.html.erb within layouts/application
  [1m[36mUser Load (0.2ms)[0m  [1m[34mSELECT "users".* FROM "users"[0m
  Rendered users/index.html.erb within layouts/application (3.1ms)
Completed 200 OK in 27ms (Views: 24.5ms | ActiveRecord: 0.2ms)


